<?xml version="1.0" encoding="UTF-8"?>
<!-- Generated by org.testng.reporters.JUnitXMLReporter -->
<testsuite hostname="LAPTOP-G3SL86T0" ignored="0" name="Default test" tests="3" failures="0" timestamp="2020-09-02T22:06:14 PDT" time="26.458" errors="0">
  <testcase name="passwordEmpy" time="0.306" classname="com.test.LoginTestHW"/>
  <testcase name="userNameAndPasswordEmpty" time="0.209" classname="com.test.LoginTestHW"/>
  <testcase name="userNameAndWrongPassword" time="1.189" classname="com.test.LoginTestHW"/>
</testsuite> <!-- Default test -->
